<?xml version="1.0" encoding="UTF-8"?>
<testsuite name="org.eclipse.stem.diseasemodels.globalinfluenzamodel.tests.GlobalInfluenzaModelTest" time="0.002" tests="1" errors="0" skipped="0" failures="1">
  <properties>
    <property name="java.vendor" value="Oracle Corporation"/>
    <property name="osgi.bundles.defaultStartLevel" value="4"/>
    <property name="sun.java.launcher" value="SUN_STANDARD"/>
    <property name="org.osgi.supports.framework.extension" value="true"/>
    <property name="sun.management.compiler" value="HotSpot 64-Bit Tiered Compilers"/>
    <property name="os.name" value="Mac OS X"/>
    <property name="sun.boot.class.path" value="/Library/Java/JavaVirtualMachines/jdk1.8.0_144.jdk/Contents/Home/jre/lib/resources.jar:/Library/Java/JavaVirtualMachines/jdk1.8.0_144.jdk/Contents/Home/jre/lib/rt.jar:/Library/Java/JavaVirtualMachines/jdk1.8.0_144.jdk/Contents/Home/jre/lib/sunrsasign.jar:/Library/Java/JavaVirtualMachines/jdk1.8.0_144.jdk/Contents/Home/jre/lib/jsse.jar:/Library/Java/JavaVirtualMachines/jdk1.8.0_144.jdk/Contents/Home/jre/lib/jce.jar:/Library/Java/JavaVirtualMachines/jdk1.8.0_144.jdk/Contents/Home/jre/lib/charsets.jar:/Library/Java/JavaVirtualMachines/jdk1.8.0_144.jdk/Contents/Home/jre/lib/jfr.jar:/Library/Java/JavaVirtualMachines/jdk1.8.0_144.jdk/Contents/Home/jre/classes"/>
    <property name="osgi.ws" value="cocoa"/>
    <property name="java.vm.specification.vendor" value="Oracle Corporation"/>
    <property name="java.runtime.version" value="1.8.0_144-b01"/>
    <property name="osgi.instance.area" value="file:/Users/ahmadswaid/git/org.eclipse.stem.general/org.eclipse.stem/tests/org.eclipse.stem.tests.diseasemodels.globalinfluenzamodel/target/work/data/"/>
    <property name="org.osgi.framework.uuid" value="fc15435f-edd5-4d3f-ae89-ec5205a18f6c"/>
    <property name="osgi.noShutdown" value="false"/>
    <property name="user.name" value="ahmadswaid"/>
    <property name="org.osgi.framework.system.packages" value="java.applet,java.awt,java.awt.color,java.awt.datatransfer,java.awt.dnd,java.awt.event,java.awt.font,java.awt.geom,java.awt.im,java.awt.im.spi,java.awt.image,java.awt.image.renderable,java.awt.print,java.beans,java.beans.beancontext,java.io,java.lang,java.lang.annotation,java.lang.instrument,java.lang.invoke,java.lang.management,java.lang.ref,java.lang.reflect,java.math,java.net,java.nio,java.nio.channels,java.nio.channels.spi,java.nio.charset,java.nio.charset.spi,java.nio.file,java.nio.file.attribute,java.nio.file.spi,java.rmi,java.rmi.activation,java.rmi.dgc,java.rmi.registry,java.rmi.server,java.security,java.security.acl,java.security.cert,java.security.interfaces,java.security.spec,java.sql,java.text,java.text.spi,java.time,java.time.chrono,java.time.format,java.time.temporal,java.time.zone,java.util,java.util.concurrent,java.util.concurrent.atomic,java.util.concurrent.locks,java.util.function,java.util.jar,java.util.logging,java.util.prefs,java.util.regex,java.util.spi,java.util.stream,java.util.zip,javax.accessibility,javax.activation,javax.activity,javax.annotation,javax.annotation.processing,javax.crypto,javax.crypto.interfaces,javax.crypto.spec,javax.imageio,javax.imageio.event,javax.imageio.metadata,javax.imageio.plugins.bmp,javax.imageio.plugins.jpeg,javax.imageio.spi,javax.imageio.stream,javax.jws,javax.jws.soap,javax.lang.model,javax.lang.model.element,javax.lang.model.type,javax.lang.model.util,javax.management,javax.management.loading,javax.management.modelmbean,javax.management.monitor,javax.management.openmbean,javax.management.relation,javax.management.remote,javax.management.remote.rmi,javax.management.timer,javax.naming,javax.naming.directory,javax.naming.event,javax.naming.ldap,javax.naming.spi,javax.net,javax.net.ssl,javax.print,javax.print.attribute,javax.print.attribute.standard,javax.print.event,javax.rmi,javax.rmi.CORBA,javax.rmi.ssl,javax.script,javax.security.auth,javax.security.auth.callback,javax.security.auth.kerberos,javax.security.auth.login,javax.security.auth.spi,javax.security.auth.x500,javax.security.cert,javax.security.sasl,javax.sound.midi,javax.sound.midi.spi,javax.sound.sampled,javax.sound.sampled.spi,javax.sql,javax.sql.rowset,javax.sql.rowset.serial,javax.sql.rowset.spi,javax.swing,javax.swing.border,javax.swing.colorchooser,javax.swing.event,javax.swing.filechooser,javax.swing.plaf,javax.swing.plaf.basic,javax.swing.plaf.metal,javax.swing.plaf.multi,javax.swing.plaf.nimbus,javax.swing.plaf.synth,javax.swing.table,javax.swing.text,javax.swing.text.html,javax.swing.text.html.parser,javax.swing.text.rtf,javax.swing.tree,javax.swing.undo,javax.tools,javax.transaction,javax.transaction.xa,javax.xml,javax.xml.bind,javax.xml.bind.annotation,javax.xml.bind.annotation.adapters,javax.xml.bind.attachment,javax.xml.bind.helpers,javax.xml.bind.util,javax.xml.crypto,javax.xml.crypto.dom,javax.xml.crypto.dsig,javax.xml.crypto.dsig.dom,javax.xml.crypto.dsig.keyinfo,javax.xml.crypto.dsig.spec,javax.xml.datatype,javax.xml.namespace,javax.xml.parsers,javax.xml.soap,javax.xml.stream,javax.xml.stream.events,javax.xml.stream.util,javax.xml.transform,javax.xml.transform.dom,javax.xml.transform.sax,javax.xml.transform.stax,javax.xml.transform.stream,javax.xml.validation,javax.xml.ws,javax.xml.ws.handler,javax.xml.ws.handler.soap,javax.xml.ws.http,javax.xml.ws.soap,javax.xml.ws.spi,javax.xml.ws.spi.http,javax.xml.ws.wsaddressing,javax.xml.xpath,org.ietf.jgss,org.omg.CORBA,org.omg.CORBA_2_3,org.omg.CORBA_2_3.portable,org.omg.CORBA.DynAnyPackage,org.omg.CORBA.ORBPackage,org.omg.CORBA.portable,org.omg.CORBA.TypeCodePackage,org.omg.CosNaming,org.omg.CosNaming.NamingContextExtPackage,org.omg.CosNaming.NamingContextPackage,org.omg.Dynamic,org.omg.DynamicAny,org.omg.DynamicAny.DynAnyFactoryPackage,org.omg.DynamicAny.DynAnyPackage,org.omg.IOP,org.omg.IOP.CodecFactoryPackage,org.omg.IOP.CodecPackage,org.omg.Messaging,org.omg.PortableInterceptor,org.omg.PortableInterceptor.ORBInitInfoPackage,org.omg.PortableServer,org.omg.PortableServer.CurrentPackage,org.omg.PortableServer.POAManagerPackage,org.omg.PortableServer.POAPackage,org.omg.PortableServer.portable,org.omg.PortableServer.ServantLocatorPackage,org.omg.SendingContext,org.omg.stub.java.rmi,org.w3c.dom,org.w3c.dom.bootstrap,org.w3c.dom.css,org.w3c.dom.events,org.w3c.dom.html,org.w3c.dom.ls,org.w3c.dom.ranges,org.w3c.dom.stylesheets,org.w3c.dom.traversal,org.w3c.dom.views,org.w3c.dom.xpath,org.xml.sax,org.xml.sax.ext,org.xml.sax.helpers"/>
    <property name="equinox.use.ds" value="true"/>
    <property name="org.osgi.framework.language" value="en"/>
    <property name="user.language" value="en"/>
    <property name="org.osgi.framework.processor" value="x86-64"/>
    <property name="osgi.syspath" value="/Users/ahmadswaid/.m2/repository/p2/osgi/bundle/org.eclipse.osgi/3.13.0.v20180409-1500"/>
    <property name="osgi.compatibility.bootdelegation.default" value="true"/>
    <property name="sun.boot.library.path" value="/Library/Java/JavaVirtualMachines/jdk1.8.0_144.jdk/Contents/Home/jre/lib"/>
    <property name="org.osgi.framework.system.capabilities" value="osgi.ee; osgi.ee=&quot;OSGi/Minimum&quot;; version:List&lt;Version&gt;=&quot;1.0, 1.1, 1.2&quot;,osgi.ee; osgi.ee=&quot;JRE&quot;; version:List&lt;Version&gt;=&quot;1.0, 1.1&quot;,osgi.ee; osgi.ee=&quot;JavaSE&quot;; version:List&lt;Version&gt;=&quot;1.0, 1.1, 1.2, 1.3, 1.4, 1.5, 1.6, 1.7, 1.8&quot;,osgi.ee; osgi.ee=&quot;JavaSE/compact1&quot;; version:List&lt;Version&gt;=&quot;1.8&quot;,osgi.ee; osgi.ee=&quot;JavaSE/compact2&quot;; version:List&lt;Version&gt;=&quot;1.8&quot;,osgi.ee; osgi.ee=&quot;JavaSE/compact3&quot;; version:List&lt;Version&gt;=&quot;1.8&quot;"/>
    <property name="osgi.compatibility.bootdelegation" value="true"/>
    <property name="java.version" value="1.8.0_144"/>
    <property name="org.osgi.framework.os.name" value="MacOSX"/>
    <property name="user.timezone" value="Europe/Berlin"/>
    <property name="sun.arch.data.model" value="64"/>
    <property name="osgi.bundles" value="reference:file:/Users/ahmadswaid/.m2/repository/p2/osgi/bundle/org.w3c.dom.events/3.0.0.draft20060413_v201105210656/org.w3c.dom.events-3.0.0.draft20060413_v201105210656.jar,reference:file:/Users/ahmadswaid/.m2/repository/p2/osgi/bundle/org.w3c.css.sac/1.3.1.v200903091627/org.w3c.css.sac-1.3.1.v200903091627.jar,reference:file:/Users/ahmadswaid/.m2/repository/p2/osgi/bundle/org.w3c.dom.svg/1.1.0.v201011041433/org.w3c.dom.svg-1.1.0.v201011041433.jar,reference:file:/Users/ahmadswaid/.m2/repository/p2/osgi/bundle/org.apache.batik.css/1.9.1.v20180313-1559/org.apache.batik.css-1.9.1.v20180313-1559.jar,reference:file:/Users/ahmadswaid/.m2/repository/p2/osgi/bundle/org.apache.batik.util/1.9.1.v20180227-1645/org.apache.batik.util-1.9.1.v20180227-1645.jar,reference:file:/Users/ahmadswaid/.m2/repository/p2/osgi/bundle/org.apache.batik.constants/1.9.1.v20180227-1645/org.apache.batik.constants-1.9.1.v20180227-1645.jar,reference:file:/Users/ahmadswaid/.m2/repository/p2/osgi/bundle/org.apache.batik.i18n/1.9.1.v20180227-1645/org.apache.batik.i18n-1.9.1.v20180227-1645.jar,reference:file:/Users/ahmadswaid/.m2/repository/p2/osgi/bundle/org.apache.xmlgraphics/2.2.0.v20180410-1551/org.apache.xmlgraphics-2.2.0.v20180410-1551.jar,reference:file:/Users/ahmadswaid/.m2/repository/p2/osgi/bundle/org.apache.felix.scr/2.0.14.v20180117-1452/org.apache.felix.scr-2.0.14.v20180117-1452.jar,reference:file:/Users/ahmadswaid/.m2/repository/p2/osgi/bundle/org.eclipse.osgi.services/3.7.0.v20180223-1712/org.eclipse.osgi.services-3.7.0.v20180223-1712.jar,reference:file:/Users/ahmadswaid/.m2/repository/p2/osgi/bundle/org.eclipse.osgi.util/3.5.0.v20180219-1511/org.eclipse.osgi.util-3.5.0.v20180219-1511.jar,reference:file:/Users/ahmadswaid/.m2/repository/p2/osgi/bundle/org.apache.commons.io/2.2.0.v201405211200/org.apache.commons.io-2.2.0.v201405211200.jar,reference:file:/Users/ahmadswaid/.m2/repository/p2/osgi/bundle/org.apache.commons.logging/1.1.1.v201101211721/org.apache.commons.logging-1.1.1.v201101211721.jar,reference:file:/Users/ahmadswaid/.m2/repository/p2/osgi/bundle/org.eclipse.compare/3.7.200.v20180418-1233/org.eclipse.compare-3.7.200.v20180418-1233.jar,reference:file:/Users/ahmadswaid/.m2/repository/p2/osgi/bundle/org.eclipse.ui/3.109.100.v20180426-0903/org.eclipse.ui-3.109.100.v20180426-0903.jar,reference:file:/Users/ahmadswaid/.m2/repository/p2/osgi/bundle/org.eclipse.core.resources/3.13.0.v20180512-1138/org.eclipse.core.resources-3.13.0.v20180512-1138.jar,reference:file:/Users/ahmadswaid/.m2/repository/p2/osgi/bundle/org.eclipse.jface.text/3.13.0.v20180527-1819/org.eclipse.jface.text-3.13.0.v20180527-1819.jar,reference:file:/Users/ahmadswaid/.m2/repository/p2/osgi/bundle/org.eclipse.ui.ide/3.14.0.v20180517-1842/org.eclipse.ui.ide-3.14.0.v20180517-1842.jar,reference:file:/Users/ahmadswaid/.m2/repository/p2/osgi/bundle/org.eclipse.ui.views/3.9.100.v20180427-1355/org.eclipse.ui.views-3.9.100.v20180427-1355.jar,reference:file:/Users/ahmadswaid/.m2/repository/p2/osgi/bundle/org.eclipse.ui.workbench.texteditor/3.11.0.v20180419-2011/org.eclipse.ui.workbench.texteditor-3.11.0.v20180419-2011.jar,reference:file:/Users/ahmadswaid/.m2/repository/p2/osgi/bundle/org.eclipse.core.runtime/3.14.0.v20180417-0825/org.eclipse.core.runtime-3.14.0.v20180417-0825.jar@4:start,reference:file:/Users/ahmadswaid/.m2/repository/p2/osgi/bundle/org.eclipse.core.expressions/3.6.100.v20180426-1644/org.eclipse.core.expressions-3.6.100.v20180426-1644.jar,reference:file:/Users/ahmadswaid/.m2/repository/p2/osgi/bundle/org.eclipse.ui.editors/3.11.100.v20180512-1137/org.eclipse.ui.editors-3.11.100.v20180512-1137.jar,reference:file:/Users/ahmadswaid/.m2/repository/p2/osgi/bundle/org.eclipse.ui.forms/3.7.200.v20180512-1133/org.eclipse.ui.forms-3.7.200.v20180512-1133.jar,reference:file:/Users/ahmadswaid/.m2/repository/p2/osgi/bundle/org.eclipse.compare.core/3.6.200.v20180312-1255/org.eclipse.compare.core-3.6.200.v20180312-1255.jar,reference:file:/Users/ahmadswaid/.m2/repository/p2/osgi/bundle/com.ibm.icu.base/58.2.0.v20170418-1837/com.ibm.icu.base-58.2.0.v20170418-1837.jar,reference:file:/Users/ahmadswaid/.m2/repository/p2/osgi/bundle/org.eclipse.core.commands/3.9.100.v20180404-1234/org.eclipse.core.commands-3.9.100.v20180404-1234.jar,reference:file:/Users/ahmadswaid/.m2/repository/p2/osgi/bundle/org.eclipse.equinox.common/3.10.0.v20180412-1130/org.eclipse.equinox.common-3.10.0.v20180412-1130.jar@2:start,reference:file:/Users/ahmadswaid/.m2/repository/p2/osgi/bundle/org.eclipse.core.contenttype/3.7.0.v20180426-1644/org.eclipse.core.contenttype-3.7.0.v20180426-1644.jar,reference:file:/Users/ahmadswaid/.m2/repository/p2/osgi/bundle/org.eclipse.equinox.preferences/3.7.100.v20180510-1129/org.eclipse.equinox.preferences-3.7.100.v20180510-1129.jar,reference:file:/Users/ahmadswaid/.m2/repository/p2/osgi/bundle/org.eclipse.equinox.registry/3.8.0.v20180426-1327/org.eclipse.equinox.registry-3.8.0.v20180426-1327.jar,reference:file:/Users/ahmadswaid/.m2/repository/p2/osgi/bundle/org.eclipse.core.databinding/1.6.200.v20180509-1517/org.eclipse.core.databinding-1.6.200.v20180509-1517.jar,reference:file:/Users/ahmadswaid/.m2/repository/p2/osgi/bundle/org.eclipse.core.databinding.observable/1.6.200.v20180424-1922/org.eclipse.core.databinding.observable-1.6.200.v20180424-1922.jar,reference:file:/Users/ahmadswaid/.m2/repository/p2/osgi/bundle/org.eclipse.core.databinding.property/1.6.200.v20180403-0944/org.eclipse.core.databinding.property-1.6.200.v20180403-0944.jar,reference:file:/Users/ahmadswaid/.m2/repository/p2/osgi/bundle/org.eclipse.core.filebuffers/3.6.200.v20180512-1137/org.eclipse.core.filebuffers-3.6.200.v20180512-1137.jar,reference:file:/Users/ahmadswaid/.m2/repository/p2/osgi/bundle/org.eclipse.text/3.6.300.v20180430-1330/org.eclipse.text-3.6.300.v20180430-1330.jar,reference:file:/Users/ahmadswaid/.m2/repository/p2/osgi/bundle/org.eclipse.core.filesystem/1.7.100.v20180304-1102/org.eclipse.core.filesystem-1.7.100.v20180304-1102.jar,reference:file:/Users/ahmadswaid/.m2/repository/p2/osgi/bundle/org.eclipse.core.jobs/3.10.0.v20180427-1454/org.eclipse.core.jobs-3.10.0.v20180427-1454.jar,reference:file:/Users/ahmadswaid/.m2/repository/p2/osgi/bundle/org.eclipse.core.net/1.3.200.v20180515-0858/org.eclipse.core.net-1.3.200.v20180515-0858.jar,reference:file:/Users/ahmadswaid/.m2/repository/p2/osgi/bundle/org.eclipse.equinox.security/1.2.400.v20171221-2204/org.eclipse.equinox.security-1.2.400.v20171221-2204.jar,reference:file:/Users/ahmadswaid/.m2/repository/p2/osgi/bundle/org.eclipse.equinox.app/1.3.500.v20171221-2204/org.eclipse.equinox.app-1.3.500.v20171221-2204.jar,reference:file:/Users/ahmadswaid/.m2/repository/p2/osgi/bundle/org.eclipse.e4.core.commands/0.12.200.v20180427-0801/org.eclipse.e4.core.commands-0.12.200.v20180427-0801.jar,reference:file:/Users/ahmadswaid/.m2/repository/p2/osgi/bundle/org.eclipse.e4.core.di/1.7.0.v20180427-1454/org.eclipse.e4.core.di-1.7.0.v20180427-1454.jar,reference:file:/Users/ahmadswaid/.m2/repository/p2/osgi/bundle/javax.inject/1.0.0.v20091030/javax.inject-1.0.0.v20091030.jar,reference:file:/Users/ahmadswaid/.m2/repository/p2/osgi/bundle/org.eclipse.e4.core.contexts/1.7.0.v20180514-1409/org.eclipse.e4.core.contexts-1.7.0.v20180514-1409.jar,reference:file:/Users/ahmadswaid/.m2/repository/p2/osgi/bundle/org.eclipse.e4.core.services/2.1.100.v20180427-1454/org.eclipse.e4.core.services-2.1.100.v20180427-1454.jar,reference:file:/Users/ahmadswaid/.m2/repository/p2/osgi/bundle/org.eclipse.e4.core.di.annotations/1.6.100.v20180427-1454/org.eclipse.e4.core.di.annotations-1.6.100.v20180427-1454.jar,reference:file:/Users/ahmadswaid/.m2/repository/p2/osgi/bundle/org.eclipse.e4.core.di.extensions/0.15.100.v20180403-1008/org.eclipse.e4.core.di.extensions-0.15.100.v20180403-1008.jar,reference:file:/Users/ahmadswaid/.m2/repository/p2/osgi/bundle/org.eclipse.e4.core.di.extensions.supplier/0.15.100.v20180427-1454/org.eclipse.e4.core.di.extensions.supplier-0.15.100.v20180427-1454.jar,reference:file:/Users/ahmadswaid/.m2/repository/p2/osgi/bundle/org.eclipse.equinox.ds/1.5.100.v20171221-2204/org.eclipse.equinox.ds-1.5.100.v20171221-2204.jar@1:start,reference:file:/Users/ahmadswaid/.m2/repository/p2/osgi/bundle/org.eclipse.e4.emf.xpath/0.2.100.v20180403-0944/org.eclipse.e4.emf.xpath-0.2.100.v20180403-0944.jar,reference:file:/Users/ahmadswaid/.m2/repository/p2/osgi/bundle/org.apache.commons.jxpath/1.3.0.v200911051830/org.apache.commons.jxpath-1.3.0.v200911051830.jar,reference:file:/Users/ahmadswaid/.m2/repository/p2/osgi/bundle/org.eclipse.emf.ecore/2.14.0.v20180529-1144/org.eclipse.emf.ecore-2.14.0.v20180529-1144.jar,reference:file:/Users/ahmadswaid/.m2/repository/p2/osgi/bundle/org.eclipse.e4.ui.bindings/0.12.100.v20180509-1220/org.eclipse.e4.ui.bindings-0.12.100.v20180509-1220.jar,reference:file:/Users/ahmadswaid/.m2/repository/p2/osgi/bundle/org.eclipse.swt/3.107.0.v20180611-0422/org.eclipse.swt-3.107.0.v20180611-0422.jar,reference:file:/Users/ahmadswaid/.m2/repository/p2/osgi/bundle/org.eclipse.jface/3.14.0.v20180423-0714/org.eclipse.jface-3.14.0.v20180423-0714.jar,reference:file:/Users/ahmadswaid/.m2/repository/p2/osgi/bundle/org.eclipse.e4.ui.css.core/0.12.200.v20180417-2309/org.eclipse.e4.ui.css.core-0.12.200.v20180417-2309.jar,reference:file:/Users/ahmadswaid/.m2/repository/p2/osgi/bundle/org.eclipse.e4.ui.css.swt/0.13.100.v20180515-1637/org.eclipse.e4.ui.css.swt-0.13.100.v20180515-1637.jar,reference:file:/Users/ahmadswaid/.m2/repository/p2/osgi/bundle/org.eclipse.e4.ui.css.swt.theme/0.12.0.v20180403-0944/org.eclipse.e4.ui.css.swt.theme-0.12.0.v20180403-0944.jar,reference:file:/Users/ahmadswaid/.m2/repository/p2/osgi/bundle/org.eclipse.e4.ui.di/1.2.200.v20180403-0945/org.eclipse.e4.ui.di-1.2.200.v20180403-0945.jar,reference:file:/Users/ahmadswaid/.m2/repository/p2/osgi/bundle/org.eclipse.e4.ui.model.workbench/2.1.0.v20180429-1333/org.eclipse.e4.ui.model.workbench-2.1.0.v20180429-1333.jar,reference:file:/Users/ahmadswaid/.m2/repository/p2/osgi/bundle/org.eclipse.e4.ui.services/1.3.100.v20180403-0945/org.eclipse.e4.ui.services-1.3.100.v20180403-0945.jar,reference:file:/Users/ahmadswaid/.m2/repository/p2/osgi/bundle/org.eclipse.equinox.event/1.4.200.v20180426-0845/org.eclipse.equinox.event-1.4.200.v20180426-0845.jar,reference:file:/Users/ahmadswaid/.m2/repository/p2/osgi/bundle/org.eclipse.e4.ui.widgets/1.2.100.v20180403-0945/org.eclipse.e4.ui.widgets-1.2.100.v20180403-0945.jar,reference:file:/Users/ahmadswaid/.m2/repository/p2/osgi/bundle/org.eclipse.e4.ui.workbench/1.6.0.v20180516-2019/org.eclipse.e4.ui.workbench-1.6.0.v20180516-2019.jar,reference:file:/Users/ahmadswaid/.m2/repository/p2/osgi/bundle/org.eclipse.emf.ecore.xmi/2.14.0.v20180129-1548/org.eclipse.emf.ecore.xmi-2.14.0.v20180129-1548.jar,reference:file:/Users/ahmadswaid/.m2/repository/p2/osgi/bundle/org.eclipse.emf.ecore.change/2.12.0.v20180125-1130/org.eclipse.emf.ecore.change-2.12.0.v20180125-1130.jar,reference:file:/Users/ahmadswaid/.m2/repository/p2/osgi/bundle/org.eclipse.e4.ui.workbench.addons.swt/1.3.100.v20180516-2019/org.eclipse.e4.ui.workbench.addons.swt-1.3.100.v20180516-2019.jar,reference:file:/Users/ahmadswaid/.m2/repository/p2/osgi/bundle/org.eclipse.e4.ui.workbench.renderers.swt/0.14.200.v20180516-2019/org.eclipse.e4.ui.workbench.renderers.swt-0.14.200.v20180516-2019.jar,reference:file:/Users/ahmadswaid/.m2/repository/p2/osgi/bundle/org.eclipse.e4.ui.workbench.swt/0.14.200.v20180516-2019/org.eclipse.e4.ui.workbench.swt-0.14.200.v20180516-2019.jar,reference:file:/Users/ahmadswaid/.m2/repository/p2/osgi/bundle/org.eclipse.jface.databinding/1.8.200.v20180403-0945/org.eclipse.jface.databinding-1.8.200.v20180403-0945.jar,reference:file:/Users/ahmadswaid/.m2/repository/p2/osgi/bundle/org.eclipse.e4.ui.workbench3/0.14.100.v20180403-0945/org.eclipse.e4.ui.workbench3-0.14.100.v20180403-0945.jar,reference:file:/Users/ahmadswaid/.m2/repository/p2/osgi/bundle/org.eclipse.emf.common/2.14.0.v20180527-1134/org.eclipse.emf.common-2.14.0.v20180527-1134.jar,reference:file:/Users/ahmadswaid/.m2/repository/p2/osgi/bundle/org.eclipse.emf.common.ui/2.13.0.v20180127-1015/org.eclipse.emf.common.ui-2.13.0.v20180127-1015.jar,reference:file:/Users/ahmadswaid/.m2/repository/p2/osgi/bundle/org.eclipse.emf.ecore.edit/2.10.0.v20180421-0731/org.eclipse.emf.ecore.edit-2.10.0.v20180421-0731.jar,reference:file:/Users/ahmadswaid/.m2/repository/p2/osgi/bundle/org.eclipse.emf.edit/2.13.0.v20180421-1151/org.eclipse.emf.edit-2.13.0.v20180421-1151.jar,reference:file:/Users/ahmadswaid/.m2/repository/p2/osgi/bundle/org.eclipse.emf.edit.ui/2.14.0.v20180213-0527/org.eclipse.emf.edit.ui-2.14.0.v20180213-0527.jar,reference:file:/Users/ahmadswaid/.m2/repository/p2/osgi/bundle/org.eclipse.ui.workbench/3.111.0.v20180524-1156/org.eclipse.ui.workbench-3.111.0.v20180524-1156.jar,reference:file:/Users/ahmadswaid/.m2/repository/p2/osgi/bundle/org.eclipse.equinox.bidi/1.1.100.v20171221-2204/org.eclipse.equinox.bidi-1.1.100.v20171221-2204.jar,reference:file:/Users/ahmadswaid/.m2/repository/p2/osgi/bundle/org.eclipse.equinox.p2.core/2.5.0.v20180512-1128/org.eclipse.equinox.p2.core-2.5.0.v20180512-1128.jar,reference:file:/Users/ahmadswaid/.m2/repository/p2/osgi/bundle/org.eclipse.equinox.p2.engine/2.6.0.v20180409-1209/org.eclipse.equinox.p2.engine-2.6.0.v20180409-1209.jar,reference:file:/Users/ahmadswaid/.m2/repository/p2/osgi/bundle/org.eclipse.equinox.p2.metadata/2.4.0.v20180320-1220/org.eclipse.equinox.p2.metadata-2.4.0.v20180320-1220.jar,reference:file:/Users/ahmadswaid/.m2/repository/p2/osgi/bundle/org.eclipse.equinox.p2.metadata.repository/1.3.0.v20180302-1057/org.eclipse.equinox.p2.metadata.repository-1.3.0.v20180302-1057.jar,reference:file:/Users/ahmadswaid/.m2/repository/p2/osgi/bundle/org.eclipse.equinox.p2.repository/2.4.0.v20180512-1128/org.eclipse.equinox.p2.repository-2.4.0.v20180512-1128.jar,reference:file:/Users/ahmadswaid/.m2/repository/p2/osgi/bundle/org.tukaani.xz/1.8.0.v20180207-1613/org.tukaani.xz-1.8.0.v20180207-1613.jar,reference:file:/Users/ahmadswaid/.m2/repository/p2/osgi/bundle/org.eclipse.help/3.8.100.v20180512-1136/org.eclipse.help-3.8.100.v20180512-1136.jar,reference:file:/Users/ahmadswaid/.m2/repository/p2/osgi/bundle/org.eclipse.ltk.core.refactoring/3.9.0.v20180220-2105/org.eclipse.ltk.core.refactoring-3.9.0.v20180220-2105.jar,reference:file:/Users/ahmadswaid/.m2/repository/p2/osgi/bundle/org.eclipse.ltk.ui.refactoring/3.9.100.v20180425-1219/org.eclipse.ltk.ui.refactoring-3.9.100.v20180425-1219.jar,reference:file:/Users/ahmadswaid/.m2/repository/p2/osgi/bundle/org.eclipse.ui.navigator/3.7.100.v20180524-1240/org.eclipse.ui.navigator-3.7.100.v20180524-1240.jar,reference:file:/Users/ahmadswaid/.m2/repository/p2/osgi/bundle/org.eclipse.team.core/3.8.200.v20180309-1840/org.eclipse.team.core-3.8.200.v20180309-1840.jar,reference:file:/Users/ahmadswaid/.m2/repository/p2/osgi/bundle/org.eclipse.team.ui/3.8.100.v20180418-1233/org.eclipse.team.ui-3.8.100.v20180418-1233.jar,reference:file:/Users/ahmadswaid/git/org.eclipse.stem.general/org.eclipse.stem/analysis/org.eclipse.stem.analysis/target/org.eclipse.stem.analysis-3.0.0-SNAPSHOT.jar,reference:file:/Users/ahmadswaid/git/org.eclipse.stem.general/org.eclipse.stem/core/org.eclipse.stem.core/target/org.eclipse.stem.core-3.0.0-SNAPSHOT.jar,reference:file:/Users/ahmadswaid/git/org.eclipse.stem.general/org.eclipse.stem/lib/org.apache.commons.math3/target/org.apache.commons.math3-3.1.1.jar,reference:file:/Users/ahmadswaid/git/org.eclipse.stem.general/org.eclipse.stem.data/geography/org.eclipse.stem.data.geography/target/org.eclipse.stem.data.geography-3.0.0-SNAPSHOT.jar,reference:file:/Users/ahmadswaid/git/org.eclipse.stem.general/org.eclipse.stem/core/org.eclipse.stem.definitions/target/org.eclipse.stem.definitions-3.0.0-SNAPSHOT.jar,reference:file:/Users/ahmadswaid/git/org.eclipse.stem.general/org.eclipse.stem/core/org.eclipse.stem.geography/target/org.eclipse.stem.geography-3.0.0-SNAPSHOT.jar,reference:file:/Users/ahmadswaid/git/org.eclipse.stem.general/org.eclipse.stem/models/epidemiology/org.eclipse.stem.diseasemodels/target/org.eclipse.stem.diseasemodels-3.0.0-SNAPSHOT.jar,reference:file:/Users/ahmadswaid/git/org.eclipse.stem.general/org.eclipse.stem/core/org.eclipse.stem.transport/target/org.eclipse.stem.transport-3.0.0-SNAPSHOT.jar,reference:file:/Users/ahmadswaid/git/org.eclipse.stem.general/org.eclipse.stem/models/populations/org.eclipse.stem.populationmodels/target/org.eclipse.stem.populationmodels-3.0.0-SNAPSHOT.jar,reference:file:/Users/ahmadswaid/git/org.eclipse.stem.general/org.eclipse.stem/models/epidemiology/org.eclipse.stem.interventions/target/org.eclipse.stem.interventions-3.0.0-SNAPSHOT.jar,reference:file:/Users/ahmadswaid/git/org.eclipse.stem.general/org.eclipse.stem/core/org.eclipse.stem.jobs/target/org.eclipse.stem.jobs-3.0.0-SNAPSHOT.jar,reference:file:/Users/ahmadswaid/git/org.eclipse.stem.general/org.eclipse.stem/models/epidemiology/org.eclipse.stem.diseasemodels.globalinfluenzamodel/target/org.eclipse.stem.diseasemodels.globalinfluenzamodel-3.0.0-SNAPSHOT.jar,reference:file:/Users/ahmadswaid/git/org.eclipse.stem.general/org.eclipse.stem/tests/org.eclipse.stem.tests.diseasemodels.globalinfluenzamodel,reference:file:/Users/ahmadswaid/.m2/repository/p2/osgi/bundle/org.junit/4.12.0.v201504281640/org.junit-4.12.0.v201504281640.jar,reference:file:/Users/ahmadswaid/git/org.eclipse.stem.general/org.eclipse.stem/core/org.eclipse.stem.gis/target/org.eclipse.stem.gis-3.0.0-SNAPSHOT.jar,reference:file:/Users/ahmadswaid/git/org.eclipse.stem.general/org.eclipse.stem/core/org.eclipse.stem.graphgenerators/target/org.eclipse.stem.graphgenerators-3.0.0-SNAPSHOT.jar,reference:file:/Users/ahmadswaid/.m2/repository/p2/osgi/bundle/org.eclipse.swt.gtk.linux.x86/3.107.0.v20180611-0422/org.eclipse.swt.gtk.linux.x86-3.107.0.v20180611-0422.jar,reference:file:/Users/ahmadswaid/.m2/repository/p2/osgi/bundle/org.eclipse.ui.ide.application/1.2.100.v20180416-2050/org.eclipse.ui.ide.application-1.2.100.v20180416-2050.jar,reference:file:/Users/ahmadswaid/.m2/repository/p2/osgi/bundle/org.eclipse.ui.navigator.resources/3.6.100.v20180427-1355/org.eclipse.ui.navigator.resources-3.6.100.v20180427-1355.jar,reference:file:/Users/ahmadswaid/.m2/repository/p2/osgi/bundle/org.eclipse.ui.views.properties.tabbed/3.8.100.v20180427-1355/org.eclipse.ui.views.properties.tabbed-3.8.100.v20180427-1355.jar,reference:file:/Users/ahmadswaid/.m2/repository/p2/osgi/bundle/org.hamcrest.core/1.3.0.v20180420-1519/org.hamcrest.core-1.3.0.v20180420-1519.jar,reference:file:/Users/ahmadswaid/.m2/repository/p2/osgi/bundle/org.w3c.dom.smil/1.0.1.v200903091627/org.w3c.dom.smil-1.0.1.v200903091627.jar,reference:file:/Users/ahmadswaid/.m2/repository/p2/osgi/bundle/org.eclipse.equinox.launcher/1.5.0.v20180512-1130/org.eclipse.equinox.launcher-1.5.0.v20180512-1130.jar,reference:file:/Users/ahmadswaid/.m2/repository/p2/osgi/bundle/org.eclipse.swt.gtk.linux.x86_64/3.107.0.v20180611-0422/org.eclipse.swt.gtk.linux.x86_64-3.107.0.v20180611-0422.jar,reference:file:/Users/ahmadswaid/.m2/repository/p2/osgi/bundle/org.eclipse.swt.win32.win32.x86/3.107.0.v20180611-0422/org.eclipse.swt.win32.win32.x86-3.107.0.v20180611-0422.jar,reference:file:/Users/ahmadswaid/.m2/repository/p2/osgi/bundle/org.eclipse.swt.win32.win32.x86_64/3.107.0.v20180611-0422/org.eclipse.swt.win32.win32.x86_64-3.107.0.v20180611-0422.jar,reference:file:/Users/ahmadswaid/.m2/repository/p2/osgi/bundle/org.eclipse.swt.cocoa.macosx.x86_64/3.107.0.v20180611-0422/org.eclipse.swt.cocoa.macosx.x86_64-3.107.0.v20180611-0422.jar,reference:file:/Users/ahmadswaid/.m2/repository/org/eclipse/tycho/org.eclipse.tycho.surefire.osgibooter/1.0.0/org.eclipse.tycho.surefire.osgibooter-1.0.0.jar,reference:file:/Users/ahmadswaid/.m2/repository/org/eclipse/tycho/org.eclipse.tycho.surefire.junit4/1.0.0/org.eclipse.tycho.surefire.junit4-1.0.0.jar"/>
    <property name="http.nonProxyHosts" value="local|*.local|169.254/16|*.169.254/16"/>
    <property name="java.endorsed.dirs" value="/Library/Java/JavaVirtualMachines/jdk1.8.0_144.jdk/Contents/Home/jre/lib/endorsed"/>
    <property name="sun.cpu.isalist" value=""/>
    <property name="sun.jnu.encoding" value="UTF-8"/>
    <property name="eclipse.application" value="org.eclipse.tycho.surefire.osgibooter.headlesstest"/>
    <property name="file.encoding.pkg" value="sun.io"/>
    <property name="org.osgi.framework.vendor" value="Eclipse"/>
    <property name="equinox.init.uuid" value="true"/>
    <property name="file.separator" value="/"/>
    <property name="java.specification.name" value="Java Platform API Specification"/>
    <property name="osgi.checkConfiguration" value="true"/>
    <property name="java.class.version" value="52.0"/>
    <property name="user.country" value="US"/>
    <property name="osgi.configuration.cascaded" value="false"/>
    <property name="java.home" value="/Library/Java/JavaVirtualMachines/jdk1.8.0_144.jdk/Contents/Home/jre"/>
    <property name="osgi.os" value="macosx"/>
    <property name="eclipse.commands" value="-data&#10;/Users/ahmadswaid/git/org.eclipse.stem.general/org.eclipse.stem/tests/org.eclipse.stem.tests.diseasemodels.globalinfluenzamodel/target/work/data&#10;-install&#10;/Users/ahmadswaid/git/org.eclipse.stem.general/org.eclipse.stem/tests/org.eclipse.stem.tests.diseasemodels.globalinfluenzamodel/target/work&#10;-configuration&#10;/Users/ahmadswaid/git/org.eclipse.stem.general/org.eclipse.stem/tests/org.eclipse.stem.tests.diseasemodels.globalinfluenzamodel/target/work/configuration&#10;-application&#10;org.eclipse.tycho.surefire.osgibooter.headlesstest&#10;-testproperties&#10;/Users/ahmadswaid/git/org.eclipse.stem.general/org.eclipse.stem/tests/org.eclipse.stem.tests.diseasemodels.globalinfluenzamodel/target/surefire.properties&#10;"/>
    <property name="java.vm.info" value="mixed mode"/>
    <property name="os.version" value="10.14.1"/>
    <property name="osgi.arch" value="x86_64"/>
    <property name="path.separator" value=":"/>
    <property name="java.vm.version" value="25.144-b01"/>
    <property name="org.osgi.supports.framework.fragment" value="true"/>
    <property name="osgi.framework.shape" value="jar"/>
    <property name="java.awt.printerjob" value="sun.lwawt.macosx.CPrinterJob"/>
    <property name="sun.io.unicode.encoding" value="UnicodeBig"/>
    <property name="org.osgi.framework.version" value="1.9.0"/>
    <property name="org.osgi.framework.storage" value="/Users/ahmadswaid/git/org.eclipse.stem.general/org.eclipse.stem/tests/org.eclipse.stem.tests.diseasemodels.globalinfluenzamodel/target/work/configuration"/>
    <property name="awt.toolkit" value="sun.lwawt.macosx.LWCToolkit"/>
    <property name="socksNonProxyHosts" value="local|*.local|169.254/16|*.169.254/16"/>
    <property name="ftp.nonProxyHosts" value="local|*.local|169.254/16|*.169.254/16"/>
    <property name="eclipse.stateSaveDelayInterval" value="30000"/>
    <property name="osgi.dev" value="file:/Users/ahmadswaid/git/org.eclipse.stem.general/org.eclipse.stem/tests/org.eclipse.stem.tests.diseasemodels.globalinfluenzamodel/target/work/dev.properties"/>
    <property name="osgi.install.area" value="file:/Users/ahmadswaid/git/org.eclipse.stem.general/org.eclipse.stem/tests/org.eclipse.stem.tests.diseasemodels.globalinfluenzamodel/target/work/"/>
    <property name="osgi.framework" value="file:/Users/ahmadswaid/.m2/repository/p2/osgi/bundle/org.eclipse.osgi/3.13.0.v20180409-1500/org.eclipse.osgi-3.13.0.v20180409-1500.jar"/>
    <property name="user.home" value="/Users/ahmadswaid"/>
    <property name="osgi.framework.useSystemProperties" value="true"/>
    <property name="java.specification.vendor" value="Oracle Corporation"/>
    <property name="osgi.nl" value="en_US"/>
    <property name="java.library.path" value="/Users/ahmadswaid/Library/Java/Extensions:/Library/Java/Extensions:/Network/Library/Java/Extensions:/System/Library/Java/Extensions:/usr/lib/java:."/>
    <property name="java.vendor.url" value="http://java.oracle.com/"/>
    <property name="osgi.bundlefile.limit" value="100"/>
    <property name="eclipse.startTime" value="1545081123559"/>
    <property name="org.osgi.framework.os.version" value="10.14.1"/>
    <property name="gopherProxySet" value="false"/>
    <property name="java.vm.vendor" value="Oracle Corporation"/>
    <property name="java.runtime.name" value="Java(TM) SE Runtime Environment"/>
    <property name="java.class.path" value="/Users/ahmadswaid/.m2/repository/p2/osgi/bundle/org.eclipse.equinox.launcher/1.5.0.v20180512-1130/org.eclipse.equinox.launcher-1.5.0.v20180512-1130.jar"/>
    <property name="sun.java.command" value="/Users/ahmadswaid/.m2/repository/p2/osgi/bundle/org.eclipse.equinox.launcher/1.5.0.v20180512-1130/org.eclipse.equinox.launcher-1.5.0.v20180512-1130.jar -data /Users/ahmadswaid/git/org.eclipse.stem.general/org.eclipse.stem/tests/org.eclipse.stem.tests.diseasemodels.globalinfluenzamodel/target/work/data -install /Users/ahmadswaid/git/org.eclipse.stem.general/org.eclipse.stem/tests/org.eclipse.stem.tests.diseasemodels.globalinfluenzamodel/target/work -configuration /Users/ahmadswaid/git/org.eclipse.stem.general/org.eclipse.stem/tests/org.eclipse.stem.tests.diseasemodels.globalinfluenzamodel/target/work/configuration -application org.eclipse.tycho.surefire.osgibooter.headlesstest -testproperties /Users/ahmadswaid/git/org.eclipse.stem.general/org.eclipse.stem/tests/org.eclipse.stem.tests.diseasemodels.globalinfluenzamodel/target/surefire.properties"/>
    <property name="ds.delayed.keepInstances" value="true"/>
    <property name="java.vm.specification.name" value="Java Virtual Machine Specification"/>
    <property name="java.vm.specification.version" value="1.8"/>
    <property name="sun.os.patch.level" value="unknown"/>
    <property name="sun.cpu.endian" value="little"/>
    <property name="gosh.args" value="--nointeractive"/>
    <property name="java.io.tmpdir" value="/var/folders/jf/91nyxlgj7153brj7p1qwsp2h0000gn/T/"/>
    <property name="java.vendor.url.bug" value="http://bugreport.sun.com/bugreport/"/>
    <property name="eclipse.home.location" value="file:/Users/ahmadswaid/git/org.eclipse.stem.general/org.eclipse.stem/tests/org.eclipse.stem.tests.diseasemodels.globalinfluenzamodel/target/work/"/>
    <property name="java.awt.graphicsenv" value="sun.awt.CGraphicsEnvironment"/>
    <property name="os.arch" value="x86_64"/>
    <property name="java.ext.dirs" value="/Users/ahmadswaid/Library/Java/Extensions:/Library/Java/JavaVirtualMachines/jdk1.8.0_144.jdk/Contents/Home/jre/lib/ext:/Library/Java/Extensions:/Network/Library/Java/Extensions:/System/Library/Java/Extensions:/usr/lib/java"/>
    <property name="user.dir" value="/Users/ahmadswaid/git/org.eclipse.stem.general/org.eclipse.stem/tests/org.eclipse.stem.tests.diseasemodels.globalinfluenzamodel"/>
    <property name="org.osgi.supports.framework.requirebundle" value="true"/>
    <property name="osgi.clean" value="true"/>
    <property name="line.separator" value="&#10;"/>
    <property name="java.vm.name" value="Java HotSpot(TM) 64-Bit Server VM"/>
    <property name="file.encoding" value="UTF-8"/>
    <property name="java.specification.version" value="1.8"/>
    <property name="org.osgi.framework.executionenvironment" value="OSGi/Minimum-1.0,OSGi/Minimum-1.1,OSGi/Minimum-1.2,JavaSE/compact1-1.8,JavaSE/compact2-1.8,JavaSE/compact3-1.8,JRE-1.1,J2SE-1.2,J2SE-1.3,J2SE-1.4,J2SE-1.5,JavaSE-1.6,JavaSE-1.7,JavaSE-1.8"/>
    <property name="osgi.configuration.area" value="file:/Users/ahmadswaid/git/org.eclipse.stem.general/org.eclipse.stem/tests/org.eclipse.stem.tests.diseasemodels.globalinfluenzamodel/target/work/configuration/"/>
    <property name="osgi.logfile" value="/Users/ahmadswaid/git/org.eclipse.stem.general/org.eclipse.stem/tests/org.eclipse.stem.tests.diseasemodels.globalinfluenzamodel/target/work/configuration/1545081123677.log"/>
  </properties>
  <testcase name="warning" classname="junit.framework.TestSuite$1" time="0.002">
    <failure message="No tests found in org.eclipse.stem.diseasemodels.globalinfluenzamodel.tests.GlobalInfluenzaModelTest" type="junit.framework.AssertionFailedError">junit.framework.AssertionFailedError: No tests found in org.eclipse.stem.diseasemodels.globalinfluenzamodel.tests.GlobalInfluenzaModelTest
	at junit.framework.Assert.fail(Assert.java:57)
	at junit.framework.TestCase.fail(TestCase.java:227)
	at junit.framework.TestSuite$1.runTest(TestSuite.java:97)
</failure>
    <system-err><![CDATA[Pop Model UI plugin not found.  Distributed mode not enabled.
]]></system-err>
  </testcase>
</testsuite>